Build started 2014-06-14 13:43:32.
     1>Project "D:\MaloW Creation\Projects\Gladiatus\GladiatusServer\GladiatusServer\GladiatusServer.vcxproj" on node 2 (Build target(s)).
     1>InitializeBuildStatus:
         Touching "Debug\GladiatusServer.unsuccessfulbuild".
       ClCompile:
         C:\Program Files (x86)\Microsoft Visual Studio 11.0\VC\bin\CL.exe /c /ZI /nologo /W3 /WX- /Od /Oy- /D WIN32 /D _DEBUG /D _CONSOLE /D _MBCS /Gm /EHsc /RTC1 /MDd /GS /fp:precise /Zc:wchar_t /Zc:forScope /Fo"Debug\\" /Fd"Debug\vc110.pdb" /Gd /TP /analyze- /errorReport:prompt GladiatusServer.cpp Server.cpp
         Server.cpp
     1>d:\malow creation\projects\gladiatus\gladiatusserver\gladiatusserver\server.cpp(9): warning C4018: '<' : signed/unsigned mismatch
     1>d:\malow creation\projects\gladiatus\gladiatusserver\gladiatusserver\server.cpp(13): warning C4018: '<' : signed/unsigned mismatch
     1>d:\malow creation\projects\gladiatus\gladiatusserver\gladiatusserver\json\rapidjson\document.h(185): error C2664: 'rapidjson::GenericValue<Encoding>::GenericValue(const rapidjson::GenericValue<Encoding> &)' : cannot convert parameter 1 from 'std::string' to 'const rapidjson::GenericValue<Encoding> &'
                 with
                 [
                     Encoding=rapidjson::UTF8<>
                 ]
                 Reason: cannot convert from 'std::string' to 'const rapidjson::GenericValue<Encoding>'
                 with
                 [
                     Encoding=rapidjson::UTF8<>
                 ]
                 No user-defined-conversion operator available that can perform this conversion, or the operator cannot be called
                 d:\malow creation\projects\gladiatus\gladiatusserver\gladiatusserver\loginrequest.h(48) : see reference to function template instantiation 'rapidjson::GenericValue<Encoding> &rapidjson::GenericValue<Encoding>::operator =<std::string>(T)' being compiled
                 with
                 [
                     Encoding=rapidjson::UTF8<>,
                     T=std::string
                 ]
                 d:\malow creation\projects\gladiatus\gladiatusserver\gladiatusserver\loginrequest.h(48) : see reference to function template instantiation 'rapidjson::GenericValue<Encoding> &rapidjson::GenericValue<Encoding>::operator =<std::string>(T)' being compiled
                 with
                 [
                     Encoding=rapidjson::UTF8<>,
                     T=std::string
                 ]
         Generating Code...
         Compiling...
         GladiatusServer.cpp
     1>d:\malow creation\projects\gladiatus\gladiatusserver\gladiatusserver\json\rapidjson\document.h(185): error C2664: 'rapidjson::GenericValue<Encoding>::GenericValue(const rapidjson::GenericValue<Encoding> &)' : cannot convert parameter 1 from 'std::string' to 'const rapidjson::GenericValue<Encoding> &'
                 with
                 [
                     Encoding=rapidjson::UTF8<>
                 ]
                 Reason: cannot convert from 'std::string' to 'const rapidjson::GenericValue<Encoding>'
                 with
                 [
                     Encoding=rapidjson::UTF8<>
                 ]
                 No user-defined-conversion operator available that can perform this conversion, or the operator cannot be called
                 d:\malow creation\projects\gladiatus\gladiatusserver\gladiatusserver\loginrequest.h(48) : see reference to function template instantiation 'rapidjson::GenericValue<Encoding> &rapidjson::GenericValue<Encoding>::operator =<std::string>(T)' being compiled
                 with
                 [
                     Encoding=rapidjson::UTF8<>,
                     T=std::string
                 ]
                 d:\malow creation\projects\gladiatus\gladiatusserver\gladiatusserver\loginrequest.h(48) : see reference to function template instantiation 'rapidjson::GenericValue<Encoding> &rapidjson::GenericValue<Encoding>::operator =<std::string>(T)' being compiled
                 with
                 [
                     Encoding=rapidjson::UTF8<>,
                     T=std::string
                 ]
         Generating Code...
     1>Done Building Project "D:\MaloW Creation\Projects\Gladiatus\GladiatusServer\GladiatusServer\GladiatusServer.vcxproj" (Build target(s)) -- FAILED.

Build FAILED.

Time Elapsed 00:00:02.15
